<?xml version="1.0" encoding="UTF-8"?>
<!-- Generated by org.testng.reporters.JUnitReportReporter -->
<testsuite skipped="0" hostname="aksharbharati" name="com.Tests.DemoTest" tests="1" failures="0" timestamp="07 Mar 2023 13:37:30 GMT" time="0.007" errors="0">
  <testcase name="test01" time="0.007" classname="com.Tests.DemoTest"/>
</testsuite> <!-- com.Tests.DemoTest -->
