<?xml version="1.0" encoding="UTF-8"?>
<!-- Generated by org.testng.reporters.JUnitReportReporter -->
<testsuite skipped="0" hostname="aksharbharati" name="com.Tests.DemoTest2" tests="1" failures="0" timestamp="18 Mar 2023 13:34:16 GMT" time="0.008" errors="0">
  <testcase name="test01" time="0.008" classname="com.Tests.DemoTest2"/>
</testsuite> <!-- com.Tests.DemoTest2 -->
